d:\圖學\opengl panel program\openglpanel_example\debug\vc142.pdb
d:\cg_project3\cg_project3\openglpanel_example\debug\vc142.pdb
d:\cg_project3\cg_project3\openglpanel_example\debug\.netframework,version=v4.6.2.assemblyattributes.obj
d:\cg_project3\cg_project3\openglpanel_example\debug\texture.obj
d:\cg_project3\cg_project3\openglpanel_example\debug\objectbuffer.obj
d:\cg_project3\cg_project3\openglpanel_example\debug\object.obj
d:\cg_project3\cg_project3\openglpanel_example\debug\myform.obj
d:\cg_project3\cg_project3\openglpanel_example\debug\loadshaders.obj
d:\cg_project3\cg_project3\openglpanel_example\debug\.netframework,version=v4.5.2.assemblyattributes.obj
d:\cg_project3\cg_project3\openglpanel_example\debug\pickingtexture.obj
d:\cg_project3\cg_project3\debug\hkoglpanel.dll
d:\cg_project3\cg_project3\debug\openglpanel_example.exe
d:\cg_project3\cg_project3\debug\openglpanel_example.pdb
d:\cg_project3\cg_project3\openglpanel_example\debug\openglpa.dd184a77.tlog\metagen.write.1.tlog
d:\圖學\openglpanel_example_2d\openglpanel_example\debug\openglpanel_example.myform.resources
d:\圖學\cg_project3\openglpanel_example\debug\openglpanel_example.myform.resources
d:\cg_project3\cg_project3\openglpanel_example\debug\openglpanel_example.myform.resources
d:\cg_project3\cg_project3\openglpanel_example\debug\glad.obj
d:\cg_project3\cg_project3\openglpanel_example\debug\openglpa.dd184a77.tlog\cl.command.1.tlog
d:\cg_project3\cg_project3\openglpanel_example\debug\openglpa.dd184a77.tlog\cl.read.1.tlog
d:\cg_project3\cg_project3\openglpanel_example\debug\openglpa.dd184a77.tlog\cl.write.1.tlog
d:\cg_project3\cg_project3\openglpanel_example\debug\openglpa.dd184a77.tlog\copylocal.read.1u.tlog
d:\cg_project3\cg_project3\openglpanel_example\debug\openglpa.dd184a77.tlog\copylocal.write.1u.tlog
d:\cg_project3\cg_project3\openglpanel_example\debug\openglpa.dd184a77.tlog\link.11556-cvtres.read.1.tlog
d:\cg_project3\cg_project3\openglpanel_example\debug\openglpa.dd184a77.tlog\link.11556-cvtres.write.1.tlog
d:\cg_project3\cg_project3\openglpanel_example\debug\openglpa.dd184a77.tlog\link.11556-rc.read.1.tlog
d:\cg_project3\cg_project3\openglpanel_example\debug\openglpa.dd184a77.tlog\link.11556-rc.write.1.tlog
d:\cg_project3\cg_project3\openglpanel_example\debug\openglpa.dd184a77.tlog\link.11556.read.1.tlog
d:\cg_project3\cg_project3\openglpanel_example\debug\openglpa.dd184a77.tlog\link.11556.write.1.tlog
d:\cg_project3\cg_project3\openglpanel_example\debug\openglpa.dd184a77.tlog\link.12176-cvtres.read.1.tlog
d:\cg_project3\cg_project3\openglpanel_example\debug\openglpa.dd184a77.tlog\link.12176-cvtres.write.1.tlog
d:\cg_project3\cg_project3\openglpanel_example\debug\openglpa.dd184a77.tlog\link.12176-rc.read.1.tlog
d:\cg_project3\cg_project3\openglpanel_example\debug\openglpa.dd184a77.tlog\link.12176-rc.write.1.tlog
d:\cg_project3\cg_project3\openglpanel_example\debug\openglpa.dd184a77.tlog\link.12176.read.1.tlog
d:\cg_project3\cg_project3\openglpanel_example\debug\openglpa.dd184a77.tlog\link.12176.write.1.tlog
d:\cg_project3\cg_project3\openglpanel_example\debug\openglpa.dd184a77.tlog\link.13636-cvtres.read.1.tlog
d:\cg_project3\cg_project3\openglpanel_example\debug\openglpa.dd184a77.tlog\link.13636-cvtres.write.1.tlog
d:\cg_project3\cg_project3\openglpanel_example\debug\openglpa.dd184a77.tlog\link.13636-rc.read.1.tlog
d:\cg_project3\cg_project3\openglpanel_example\debug\openglpa.dd184a77.tlog\link.13636-rc.write.1.tlog
d:\cg_project3\cg_project3\openglpanel_example\debug\openglpa.dd184a77.tlog\link.13636.read.1.tlog
d:\cg_project3\cg_project3\openglpanel_example\debug\openglpa.dd184a77.tlog\link.13636.write.1.tlog
d:\cg_project3\cg_project3\openglpanel_example\debug\openglpa.dd184a77.tlog\link.15700-cvtres.read.1.tlog
d:\cg_project3\cg_project3\openglpanel_example\debug\openglpa.dd184a77.tlog\link.15700-cvtres.write.1.tlog
d:\cg_project3\cg_project3\openglpanel_example\debug\openglpa.dd184a77.tlog\link.15700-rc.read.1.tlog
d:\cg_project3\cg_project3\openglpanel_example\debug\openglpa.dd184a77.tlog\link.15700-rc.write.1.tlog
d:\cg_project3\cg_project3\openglpanel_example\debug\openglpa.dd184a77.tlog\link.15700.read.1.tlog
d:\cg_project3\cg_project3\openglpanel_example\debug\openglpa.dd184a77.tlog\link.15700.write.1.tlog
d:\cg_project3\cg_project3\openglpanel_example\debug\openglpa.dd184a77.tlog\link.24468-cvtres.read.1.tlog
d:\cg_project3\cg_project3\openglpanel_example\debug\openglpa.dd184a77.tlog\link.24468-cvtres.write.1.tlog
d:\cg_project3\cg_project3\openglpanel_example\debug\openglpa.dd184a77.tlog\link.24468-rc.read.1.tlog
d:\cg_project3\cg_project3\openglpanel_example\debug\openglpa.dd184a77.tlog\link.24468-rc.write.1.tlog
d:\cg_project3\cg_project3\openglpanel_example\debug\openglpa.dd184a77.tlog\link.24468.read.1.tlog
d:\cg_project3\cg_project3\openglpanel_example\debug\openglpa.dd184a77.tlog\link.24468.write.1.tlog
d:\cg_project3\cg_project3\openglpanel_example\debug\openglpa.dd184a77.tlog\link.4240-cvtres.read.1.tlog
d:\cg_project3\cg_project3\openglpanel_example\debug\openglpa.dd184a77.tlog\link.4240-cvtres.write.1.tlog
d:\cg_project3\cg_project3\openglpanel_example\debug\openglpa.dd184a77.tlog\link.4240-rc.read.1.tlog
d:\cg_project3\cg_project3\openglpanel_example\debug\openglpa.dd184a77.tlog\link.4240-rc.write.1.tlog
d:\cg_project3\cg_project3\openglpanel_example\debug\openglpa.dd184a77.tlog\link.4240.read.1.tlog
d:\cg_project3\cg_project3\openglpanel_example\debug\openglpa.dd184a77.tlog\link.4240.write.1.tlog
d:\cg_project3\cg_project3\openglpanel_example\debug\openglpa.dd184a77.tlog\link.5260-cvtres.read.1.tlog
d:\cg_project3\cg_project3\openglpanel_example\debug\openglpa.dd184a77.tlog\link.5260-cvtres.write.1.tlog
d:\cg_project3\cg_project3\openglpanel_example\debug\openglpa.dd184a77.tlog\link.5260-rc.read.1.tlog
d:\cg_project3\cg_project3\openglpanel_example\debug\openglpa.dd184a77.tlog\link.5260-rc.write.1.tlog
d:\cg_project3\cg_project3\openglpanel_example\debug\openglpa.dd184a77.tlog\link.5260.read.1.tlog
d:\cg_project3\cg_project3\openglpanel_example\debug\openglpa.dd184a77.tlog\link.5260.write.1.tlog
d:\cg_project3\cg_project3\openglpanel_example\debug\openglpa.dd184a77.tlog\link.command.1.tlog
d:\cg_project3\cg_project3\openglpanel_example\debug\openglpa.dd184a77.tlog\link.read.1.tlog
d:\cg_project3\cg_project3\openglpanel_example\debug\openglpa.dd184a77.tlog\link.write.1.tlog
d:\cg_project3\cg_project3\openglpanel_example\debug\openglpa.dd184a77.tlog\metagen.read.1.tlog
d:\cg_project3\cg_project3\openglpanel_example\debug\openglpa.dd184a77.tlog\openglpanel_example.write.1u.tlog
d:\cg_project3\cg_project3\openglpanel_example\debug\openglpa.dd184a77.tlog\hkoglpanel.dll.metagen
d:\cg_project3\cg_project3\openglpanel_example\debug\openglpa.dd184a77.tlog\system.data.dll.metagen
d:\cg_project3\cg_project3\openglpanel_example\debug\openglpa.dd184a77.tlog\system.design.dll.metagen
d:\cg_project3\cg_project3\openglpanel_example\debug\openglpa.dd184a77.tlog\system.dll.metagen
d:\cg_project3\cg_project3\openglpanel_example\debug\openglpa.dd184a77.tlog\system.drawing.dll.metagen
d:\cg_project3\cg_project3\openglpanel_example\debug\openglpa.dd184a77.tlog\system.windows.forms.dll.metagen
d:\cg_project3\cg_project3\openglpanel_example\debug\openglpa.dd184a77.tlog\system.xml.dll.metagen
